17:10:14.151 INFO - Selenium build info: version: '3.0.1', revision: '1969d75'
17:10:14.151 INFO - Launching a standalone Selenium Server
2020-02-28 17:10:14.166:INFO::main: Logging initialized @194ms
17:10:14.216 INFO - Driver provider org.openqa.selenium.ie.InternetExplorerDriver registration is skipped:
 registration capabilities Capabilities [{ensureCleanSession=true, browserName=internet explorer, version=, platform=WINDOWS}] does not match the current platform MAC
17:10:14.216 INFO - Driver provider org.openqa.selenium.edge.EdgeDriver registration is skipped:
 registration capabilities Capabilities [{browserName=MicrosoftEdge, version=, platform=WINDOWS}] does not match the current platform MAC
17:10:14.216 INFO - Driver class not found: com.opera.core.systems.OperaDriver
17:10:14.217 INFO - Driver provider com.opera.core.systems.OperaDriver registration is skipped:
Unable to create new instances on this machine.
17:10:14.217 INFO - Driver class not found: com.opera.core.systems.OperaDriver
17:10:14.217 INFO - Driver provider com.opera.core.systems.OperaDriver is not registered
2020-02-28 17:10:14.243:INFO:osjs.Server:main: jetty-9.2.15.v20160210
2020-02-28 17:10:14.264:INFO:osjsh.ContextHandler:main: Started o.s.j.s.ServletContextHandler@6cc4c815{/,null,AVAILABLE}
2020-02-28 17:10:14.291:INFO:osjs.ServerConnector:main: Started ServerConnector@7823a2f9{HTTP/1.1}{0.0.0.0:4444}
2020-02-28 17:10:14.291:INFO:osjs.Server:main: Started @319ms
17:10:14.291 INFO - Selenium Server is up and running
17:10:14.626 INFO - SessionCleaner initialized with insideBrowserTimeout 0 and clientGoneTimeout 1800000 polling every 180000
17:10:14.642 INFO - Executing: [new session: Capabilities [{name=Demo Test, browserName=chrome, platform=ANY}]])
17:10:14.654 INFO - Creating a new session for Capabilities [{name=Demo Test, browserName=chrome, platform=ANY}]
Starting ChromeDriver 80.0.3987.106 (f68069574609230cf9b635cd784cfb1bf81bb53a-refs/branch-heads/3987@{#882}) on port 26177
Only local connections are allowed.
Please protect ports used by ChromeDriver and related test frameworks to prevent access by malicious code.
17:10:14.917 INFO - Attempting bi-dialect session, assuming Postel's Law holds true on the remote end
17:10:16.172 INFO - Falling back to original OSS JSON Wire Protocol.
17:10:16.990 INFO - Detected dialect: OSS
17:10:17.001 INFO - Done: [new session: Capabilities [{name=Demo Test, browserName=chrome, platform=ANY}]]
17:10:17.011 INFO - Executing: [get: https://www.telus.com/en/])
[1582890018.871][SEVERE]: Timed out receiving message from renderer: 0.100
17:10:19.297 INFO - Done: [get: https://www.telus.com/en/]
17:10:19.302 INFO - Executing: [get current url])
17:10:19.309 INFO - Done: [get current url]
17:10:19.319 INFO - Executing: [find elements: By.cssSelector: body])
17:10:19.348 INFO - Done: [find elements: By.cssSelector: body]
17:10:19.353 INFO - Executing: [is displayed: 0 [[ChromeDriver: chrome on MAC (0a78b8dd3484f8c9e50ee19a0d236bb4)] -> css selector: body]])
17:10:19.369 INFO - Done: [is displayed: 0 [[ChromeDriver: chrome on MAC (0a78b8dd3484f8c9e50ee19a0d236bb4)] -> css selector: body]]
17:10:19.378 INFO - Executing: [get title])
17:10:19.384 INFO - Done: [get title]
17:10:19.392 INFO - Executing: [find elements: By.xpath: //h3[contains(text(),'Home Phone')]])
17:10:19.406 INFO - Done: [find elements: By.xpath: //h3[contains(text(),'Home Phone')]]
17:10:19.411 INFO - Executing: [click: 1 [[ChromeDriver: chrome on MAC (0a78b8dd3484f8c9e50ee19a0d236bb4)] -> xpath: //h3[contains(text(),'Home Phone')]]])
17:10:20.859 INFO - Done: [click: 1 [[ChromeDriver: chrome on MAC (0a78b8dd3484f8c9e50ee19a0d236bb4)] -> xpath: //h3[contains(text(),'Home Phone')]]]
17:10:20.878 INFO - Executing: [find elements: By.xpath: //h3[text()='Home Phone']])
17:10:20.925 INFO - Done: [find elements: By.xpath: //h3[text()='Home Phone']]
17:10:21.429 INFO - Executing: [find elements: By.xpath: //h3[text()='Home Phone']])
17:10:21.439 INFO - Done: [find elements: By.xpath: //h3[text()='Home Phone']]
17:10:21.442 INFO - Executing: [is displayed: 2 [[ChromeDriver: chrome on MAC (0a78b8dd3484f8c9e50ee19a0d236bb4)] -> xpath: //h3[text()='Home Phone']]])
17:10:21.454 INFO - Done: [is displayed: 2 [[ChromeDriver: chrome on MAC (0a78b8dd3484f8c9e50ee19a0d236bb4)] -> xpath: //h3[text()='Home Phone']]]
17:10:21.460 INFO - Executing: [find elements: By.xpath: //h3[text()='Home Phone Lite']])
17:10:21.472 INFO - Done: [find elements: By.xpath: //h3[text()='Home Phone Lite']]
17:10:21.475 INFO - Executing: [is displayed: 3 [[ChromeDriver: chrome on MAC (0a78b8dd3484f8c9e50ee19a0d236bb4)] -> xpath: //h3[text()='Home Phone Lite']]])
17:10:21.488 INFO - Done: [is displayed: 3 [[ChromeDriver: chrome on MAC (0a78b8dd3484f8c9e50ee19a0d236bb4)] -> xpath: //h3[text()='Home Phone Lite']]]
17:10:21.493 INFO - Executing: [find elements: By.xpath: //a[contains(text(),'Order Home Phone Lite')]])
17:10:21.507 INFO - Done: [find elements: By.xpath: //a[contains(text(),'Order Home Phone Lite')]]
17:10:21.516 INFO - Executing: [click: 4 [[ChromeDriver: chrome on MAC (0a78b8dd3484f8c9e50ee19a0d236bb4)] -> xpath: //a[contains(text(),'Order Home Phone Lite')]]])
17:10:21.553 INFO - Done: [click: 4 [[ChromeDriver: chrome on MAC (0a78b8dd3484f8c9e50ee19a0d236bb4)] -> xpath: //a[contains(text(),'Order Home Phone Lite')]]]
17:10:21.559 INFO - Executing: [find elements: By.xpath: /html/body/main/div/div/section/div/section/div/div[2]/section/div/div/div/div/div/form/div/section[1]/div/section[1]/div/div[2]/input])
17:10:21.572 INFO - Done: [find elements: By.xpath: /html/body/main/div/div/section/div/section/div/div[2]/section/div/div/div/div/div/form/div/section[1]/div/section[1]/div/div[2]/input]
17:10:22.081 INFO - Executing: [find elements: By.xpath: /html/body/main/div/div/section/div/section/div/div[2]/section/div/div/div/div/div/form/div/section[1]/div/section[1]/div/div[2]/input])
17:10:23.785 INFO - Done: [find elements: By.xpath: /html/body/main/div/div/section/div/section/div/div[2]/section/div/div/div/div/div/form/div/section[1]/div/section[1]/div/div[2]/input]
17:10:24.293 INFO - Executing: [find elements: By.xpath: /html/body/main/div/div/section/div/section/div/div[2]/section/div/div/div/div/div/form/div/section[1]/div/section[1]/div/div[2]/input])
17:10:24.302 INFO - Done: [find elements: By.xpath: /html/body/main/div/div/section/div/section/div/div[2]/section/div/div/div/div/div/form/div/section[1]/div/section[1]/div/div[2]/input]
17:10:24.812 INFO - Executing: [find elements: By.xpath: /html/body/main/div/div/section/div/section/div/div[2]/section/div/div/div/div/div/form/div/section[1]/div/section[1]/div/div[2]/input])
17:10:24.821 INFO - Done: [find elements: By.xpath: /html/body/main/div/div/section/div/section/div/div[2]/section/div/div/div/div/div/form/div/section[1]/div/section[1]/div/div[2]/input]
17:10:25.327 INFO - Executing: [find elements: By.xpath: /html/body/main/div/div/section/div/section/div/div[2]/section/div/div/div/div/div/form/div/section[1]/div/section[1]/div/div[2]/input])
17:10:25.335 INFO - Done: [find elements: By.xpath: /html/body/main/div/div/section/div/section/div/div[2]/section/div/div/div/div/div/form/div/section[1]/div/section[1]/div/div[2]/input]
17:10:25.842 INFO - Executing: [find elements: By.xpath: /html/body/main/div/div/section/div/section/div/div[2]/section/div/div/div/div/div/form/div/section[1]/div/section[1]/div/div[2]/input])
17:10:25.850 INFO - Done: [find elements: By.xpath: /html/body/main/div/div/section/div/section/div/div[2]/section/div/div/div/div/div/form/div/section[1]/div/section[1]/div/div[2]/input]
17:10:26.357 INFO - Executing: [find elements: By.xpath: /html/body/main/div/div/section/div/section/div/div[2]/section/div/div/div/div/div/form/div/section[1]/div/section[1]/div/div[2]/input])
17:10:26.367 INFO - Done: [find elements: By.xpath: /html/body/main/div/div/section/div/section/div/div[2]/section/div/div/div/div/div/form/div/section[1]/div/section[1]/div/div[2]/input]
17:10:26.869 INFO - Executing: [find elements: By.xpath: /html/body/main/div/div/section/div/section/div/div[2]/section/div/div/div/div/div/form/div/section[1]/div/section[1]/div/div[2]/input])
17:10:26.947 INFO - Done: [find elements: By.xpath: /html/body/main/div/div/section/div/section/div/div[2]/section/div/div/div/div/div/form/div/section[1]/div/section[1]/div/div[2]/input]
17:10:27.451 INFO - Executing: [find elements: By.xpath: /html/body/main/div/div/section/div/section/div/div[2]/section/div/div/div/div/div/form/div/section[1]/div/section[1]/div/div[2]/input])
17:10:27.465 INFO - Done: [find elements: By.xpath: /html/body/main/div/div/section/div/section/div/div[2]/section/div/div/div/div/div/form/div/section[1]/div/section[1]/div/div[2]/input]
17:10:27.973 INFO - Executing: [find elements: By.xpath: /html/body/main/div/div/section/div/section/div/div[2]/section/div/div/div/div/div/form/div/section[1]/div/section[1]/div/div[2]/input])
17:10:27.983 INFO - Done: [find elements: By.xpath: /html/body/main/div/div/section/div/section/div/div[2]/section/div/div/div/div/div/form/div/section[1]/div/section[1]/div/div[2]/input]
17:10:27.986 INFO - Executing: [is displayed: 5 [[ChromeDriver: chrome on MAC (0a78b8dd3484f8c9e50ee19a0d236bb4)] -> xpath: /html/body/main/div/div/section/div/section/div/div[2]/section/div/div/div/div/div/form/div/section[1]/div/section[1]/div/div[2]/input]])
17:10:27.997 INFO - Done: [is displayed: 5 [[ChromeDriver: chrome on MAC (0a78b8dd3484f8c9e50ee19a0d236bb4)] -> xpath: /html/body/main/div/div/section/div/section/div/div[2]/section/div/div/div/div/div/form/div/section[1]/div/section[1]/div/div[2]/input]]
17:10:28.002 INFO - Executing: [find elements: By.xpath: /html/body/main/div/div/section/div/section/div/div[2]/section/div/div/div/div/div/form/div/section[1]/div/section[1]/div/div[2]/input])
17:10:28.011 INFO - Done: [find elements: By.xpath: /html/body/main/div/div/section/div/section/div/div[2]/section/div/div/div/div/div/form/div/section[1]/div/section[1]/div/div[2]/input]
17:10:28.016 INFO - Executing: [send keys: 5 [[ChromeDriver: chrome on MAC (0a78b8dd3484f8c9e50ee19a0d236bb4)] -> xpath: /html/body/main/div/div/section/div/section/div/div[2]/section/div/div/div/div/div/form/div/section[1]/div/section[1]/div/div[2]/input], [T, e, m, p, l, e, t, o, n,  , S, t, a, t, i, o, n,  , R, d, ,,  , R, i, c, h, m, o, n, d, ,,  , B, C, ,,  , C, a, n, a, d, a]])
17:10:28.660 INFO - Done: [send keys: 5 [[ChromeDriver: chrome on MAC (0a78b8dd3484f8c9e50ee19a0d236bb4)] -> xpath: /html/body/main/div/div/section/div/section/div/div[2]/section/div/div/div/div/div/form/div/section[1]/div/section[1]/div/div[2]/input], [T, e, m, p, l, e, t, o, n,  , S, t, a, t, i, o, n,  , R, d, ,,  , R, i, c, h, m, o, n, d, ,,  , B, C, ,,  , C, a, n, a, d, a]]
17:10:28.664 INFO - Executing: [find elements: By.xpath: /html/body/main/div/div/section/div/section/div/div[2]/section/div/div/div/div/div/form/div/section[1]/div/section[2]/div/div[2]/input])
17:10:28.675 INFO - Done: [find elements: By.xpath: /html/body/main/div/div/section/div/section/div/div[2]/section/div/div/div/div/div/form/div/section[1]/div/section[2]/div/div[2]/input]
17:10:28.678 INFO - Executing: [send keys: 6 [[ChromeDriver: chrome on MAC (0a78b8dd3484f8c9e50ee19a0d236bb4)] -> xpath: /html/body/main/div/div/section/div/section/div/div[2]/section/div/div/div/div/div/form/div/section[1]/div/section[2]/div/div[2]/input], [1]])
17:10:28.724 INFO - Done: [send keys: 6 [[ChromeDriver: chrome on MAC (0a78b8dd3484f8c9e50ee19a0d236bb4)] -> xpath: /html/body/main/div/div/section/div/section/div/div[2]/section/div/div/div/div/div/form/div/section[1]/div/section[2]/div/div[2]/input], [1]]
17:10:28.728 INFO - Executing: [find elements: By.xpath: //button[@id='autocomplete-form-submit']])
17:10:28.738 INFO - Done: [find elements: By.xpath: //button[@id='autocomplete-form-submit']]
17:10:28.741 INFO - Executing: [click: 7 [[ChromeDriver: chrome on MAC (0a78b8dd3484f8c9e50ee19a0d236bb4)] -> xpath: //button[@id='autocomplete-form-submit']]])
17:10:28.842 INFO - Done: [click: 7 [[ChromeDriver: chrome on MAC (0a78b8dd3484f8c9e50ee19a0d236bb4)] -> xpath: //button[@id='autocomplete-form-submit']]]
17:10:28.846 INFO - Executing: [find elements: By.xpath: //div[@class='style__CartButtonContainer-xhejrr-2 QAoHU']])
17:10:28.857 INFO - Done: [find elements: By.xpath: //div[@class='style__CartButtonContainer-xhejrr-2 QAoHU']]
17:10:29.366 INFO - Executing: [find elements: By.xpath: //div[@class='style__CartButtonContainer-xhejrr-2 QAoHU']])
17:10:29.375 INFO - Done: [find elements: By.xpath: //div[@class='style__CartButtonContainer-xhejrr-2 QAoHU']]
17:10:29.882 INFO - Executing: [find elements: By.xpath: //div[@class='style__CartButtonContainer-xhejrr-2 QAoHU']])
17:10:29.890 INFO - Done: [find elements: By.xpath: //div[@class='style__CartButtonContainer-xhejrr-2 QAoHU']]
17:10:30.399 INFO - Executing: [find elements: By.xpath: //div[@class='style__CartButtonContainer-xhejrr-2 QAoHU']])
17:10:30.408 INFO - Done: [find elements: By.xpath: //div[@class='style__CartButtonContainer-xhejrr-2 QAoHU']]
17:10:30.917 INFO - Executing: [find elements: By.xpath: //div[@class='style__CartButtonContainer-xhejrr-2 QAoHU']])
17:10:30.925 INFO - Done: [find elements: By.xpath: //div[@class='style__CartButtonContainer-xhejrr-2 QAoHU']]
17:10:31.431 INFO - Executing: [find elements: By.xpath: //div[@class='style__CartButtonContainer-xhejrr-2 QAoHU']])
17:10:31.439 INFO - Done: [find elements: By.xpath: //div[@class='style__CartButtonContainer-xhejrr-2 QAoHU']]
17:10:31.948 INFO - Executing: [find elements: By.xpath: //div[@class='style__CartButtonContainer-xhejrr-2 QAoHU']])
17:10:31.956 INFO - Done: [find elements: By.xpath: //div[@class='style__CartButtonContainer-xhejrr-2 QAoHU']]
17:10:32.464 INFO - Executing: [find elements: By.xpath: //div[@class='style__CartButtonContainer-xhejrr-2 QAoHU']])
17:10:32.472 INFO - Done: [find elements: By.xpath: //div[@class='style__CartButtonContainer-xhejrr-2 QAoHU']]
17:10:32.981 INFO - Executing: [find elements: By.xpath: //div[@class='style__CartButtonContainer-xhejrr-2 QAoHU']])
17:10:32.989 INFO - Done: [find elements: By.xpath: //div[@class='style__CartButtonContainer-xhejrr-2 QAoHU']]
17:10:33.499 INFO - Executing: [find elements: By.xpath: //div[@class='style__CartButtonContainer-xhejrr-2 QAoHU']])
17:10:33.507 INFO - Done: [find elements: By.xpath: //div[@class='style__CartButtonContainer-xhejrr-2 QAoHU']]
17:10:34.015 INFO - Executing: [find elements: By.xpath: //div[@class='style__CartButtonContainer-xhejrr-2 QAoHU']])
[1582890034.885][SEVERE]: Timed out receiving message from renderer: 0.100
[1582890034.988][SEVERE]: Timed out receiving message from renderer: 0.100
[1582890035.090][SEVERE]: Timed out receiving message from renderer: 0.100
[1582890035.193][SEVERE]: Timed out receiving message from renderer: 0.100
[1582890035.294][SEVERE]: Timed out receiving message from renderer: 0.100
[1582890035.396][SEVERE]: Timed out receiving message from renderer: 0.100
[1582890035.497][SEVERE]: Timed out receiving message from renderer: 0.100
[1582890035.598][SEVERE]: Timed out receiving message from renderer: 0.100
[1582890035.701][SEVERE]: Timed out receiving message from renderer: 0.100
[1582890035.808][SEVERE]: Timed out receiving message from renderer: 0.100
[1582890036.060][SEVERE]: Timed out receiving message from renderer: 0.100
[1582890036.162][SEVERE]: Timed out receiving message from renderer: 0.100
[1582890036.265][SEVERE]: Timed out receiving message from renderer: 0.100
[1582890036.367][SEVERE]: Timed out receiving message from renderer: 0.100
[1582890036.469][SEVERE]: Timed out receiving message from renderer: 0.100
[1582890036.571][SEVERE]: Timed out receiving message from renderer: 0.100
[1582890036.674][SEVERE]: Timed out receiving message from renderer: 0.100
[1582890036.776][SEVERE]: Timed out receiving message from renderer: 0.100
[1582890036.879][SEVERE]: Timed out receiving message from renderer: 0.100
[1582890036.980][SEVERE]: Timed out receiving message from renderer: 0.100
[1582890037.081][SEVERE]: Timed out receiving message from renderer: 0.100
[1582890037.183][SEVERE]: Timed out receiving message from renderer: 0.100
[1582890037.284][SEVERE]: Timed out receiving message from renderer: 0.100
[1582890037.387][SEVERE]: Timed out receiving message from renderer: 0.100
[1582890037.490][SEVERE]: Timed out receiving message from renderer: 0.100
[1582890037.592][SEVERE]: Timed out receiving message from renderer: 0.100
[1582890037.695][SEVERE]: Timed out receiving message from renderer: 0.100
[1582890037.797][SEVERE]: Timed out receiving message from renderer: 0.100
[1582890037.899][SEVERE]: Timed out receiving message from renderer: 0.100
[1582890038.001][SEVERE]: Timed out receiving message from renderer: 0.100
[1582890038.102][SEVERE]: Timed out receiving message from renderer: 0.100
[1582890038.203][SEVERE]: Timed out receiving message from renderer: 0.100
[1582890038.306][SEVERE]: Timed out receiving message from renderer: 0.100
[1582890038.409][SEVERE]: Timed out receiving message from renderer: 0.100
[1582890038.511][SEVERE]: Timed out receiving message from renderer: 0.100
[1582890038.613][SEVERE]: Timed out receiving message from renderer: 0.100
[1582890038.816][SEVERE]: Timed out receiving message from renderer: 0.100
[1582890038.918][SEVERE]: Timed out receiving message from renderer: 0.100
[1582890039.089][SEVERE]: Timed out receiving message from renderer: 0.100
[1582890039.192][SEVERE]: Timed out receiving message from renderer: 0.100
[1582890039.345][SEVERE]: Timed out receiving message from renderer: 0.100
[1582890039.448][SEVERE]: Timed out receiving message from renderer: 0.100
[1582890039.549][SEVERE]: Timed out receiving message from renderer: 0.100
[1582890039.651][SEVERE]: Timed out receiving message from renderer: 0.100
[1582890039.753][SEVERE]: Timed out receiving message from renderer: 0.100
[1582890039.856][SEVERE]: Timed out receiving message from renderer: 0.100
[1582890039.959][SEVERE]: Timed out receiving message from renderer: 0.100
[1582890040.061][SEVERE]: Timed out receiving message from renderer: 0.100
17:10:40.606 INFO - Done: [find elements: By.xpath: //div[@class='style__CartButtonContainer-xhejrr-2 QAoHU']]
17:10:41.114 INFO - Executing: [find elements: By.xpath: //div[@class='style__CartButtonContainer-xhejrr-2 QAoHU']])
17:10:41.126 INFO - Done: [find elements: By.xpath: //div[@class='style__CartButtonContainer-xhejrr-2 QAoHU']]
17:10:41.129 INFO - Executing: [is displayed: 8 [[ChromeDriver: chrome on MAC (0a78b8dd3484f8c9e50ee19a0d236bb4)] -> xpath: //div[@class='style__CartButtonContainer-xhejrr-2 QAoHU']]])
17:10:41.141 INFO - Done: [is displayed: 8 [[ChromeDriver: chrome on MAC (0a78b8dd3484f8c9e50ee19a0d236bb4)] -> xpath: //div[@class='style__CartButtonContainer-xhejrr-2 QAoHU']]]
17:10:41.144 INFO - Executing: [find elements: By.xpath: //div[@class='style__CartButtonContainer-xhejrr-2 QAoHU']//button[@type='button']])
17:10:41.156 INFO - Done: [find elements: By.xpath: //div[@class='style__CartButtonContainer-xhejrr-2 QAoHU']//button[@type='button']]
17:10:41.161 INFO - Executing: [click: 9 [[ChromeDriver: chrome on MAC (0a78b8dd3484f8c9e50ee19a0d236bb4)] -> xpath: //div[@class='style__CartButtonContainer-xhejrr-2 QAoHU']//button[@type='button']]])
17:10:41.263 INFO - Done: [click: 9 [[ChromeDriver: chrome on MAC (0a78b8dd3484f8c9e50ee19a0d236bb4)] -> xpath: //div[@class='style__CartButtonContainer-xhejrr-2 QAoHU']//button[@type='button']]]
17:10:41.268 INFO - Executing: [find elements: By.xpath: //button[@id='review-button']])
17:10:41.278 INFO - Done: [find elements: By.xpath: //button[@id='review-button']]
17:10:41.782 INFO - Executing: [find elements: By.xpath: //button[@id='review-button']])
17:10:42.033 INFO - Done: [find elements: By.xpath: //button[@id='review-button']]
17:10:42.539 INFO - Executing: [find elements: By.xpath: //button[@id='review-button']])
17:10:42.552 INFO - Done: [find elements: By.xpath: //button[@id='review-button']]
17:10:43.057 INFO - Executing: [find elements: By.xpath: //button[@id='review-button']])
17:10:43.264 INFO - Done: [find elements: By.xpath: //button[@id='review-button']]
17:10:43.268 INFO - Executing: [click: 10 [[ChromeDriver: chrome on MAC (0a78b8dd3484f8c9e50ee19a0d236bb4)] -> xpath: //button[@id='review-button']]])
[1582890045.773][SEVERE]: Timed out receiving message from renderer: 0.100
[1582890045.876][SEVERE]: Timed out receiving message from renderer: 0.100
[1582890046.002][SEVERE]: Timed out receiving message from renderer: 0.100
[1582890046.104][SEVERE]: Timed out receiving message from renderer: 0.100
[1582890046.238][SEVERE]: Timed out receiving message from renderer: 0.100
[1582890046.340][SEVERE]: Timed out receiving message from renderer: 0.100
[1582890046.443][SEVERE]: Timed out receiving message from renderer: 0.100
[1582890046.689][SEVERE]: Timed out receiving message from renderer: 0.100
[1582890046.791][SEVERE]: Timed out receiving message from renderer: 0.100
[1582890046.893][SEVERE]: Timed out receiving message from renderer: 0.100
[1582890046.995][SEVERE]: Timed out receiving message from renderer: 0.100
[1582890047.096][SEVERE]: Timed out receiving message from renderer: 0.100
[1582890047.199][SEVERE]: Timed out receiving message from renderer: 0.100
[1582890047.301][SEVERE]: Timed out receiving message from renderer: 0.100
[1582890047.403][SEVERE]: Timed out receiving message from renderer: 0.100
[1582890047.505][SEVERE]: Timed out receiving message from renderer: 0.100
[1582890047.605][SEVERE]: Timed out receiving message from renderer: 0.100
[1582890047.707][SEVERE]: Timed out receiving message from renderer: 0.100
[1582890047.810][SEVERE]: Timed out receiving message from renderer: 0.100
[1582890047.913][SEVERE]: Timed out receiving message from renderer: 0.100
[1582890048.016][SEVERE]: Timed out receiving message from renderer: 0.100
[1582890048.118][SEVERE]: Timed out receiving message from renderer: 0.100
[1582890048.220][SEVERE]: Timed out receiving message from renderer: 0.100
[1582890048.323][SEVERE]: Timed out receiving message from renderer: 0.100
[1582890048.426][SEVERE]: Timed out receiving message from renderer: 0.100
[1582890048.528][SEVERE]: Timed out receiving message from renderer: 0.100
[1582890048.630][SEVERE]: Timed out receiving message from renderer: 0.100
[1582890048.732][SEVERE]: Timed out receiving message from renderer: 0.100
[1582890048.835][SEVERE]: Timed out receiving message from renderer: 0.100
[1582890048.938][SEVERE]: Timed out receiving message from renderer: 0.100
17:10:49.409 INFO - Done: [click: 10 [[ChromeDriver: chrome on MAC (0a78b8dd3484f8c9e50ee19a0d236bb4)] -> xpath: //button[@id='review-button']]]
17:10:49.415 INFO - Executing: [find elements: By.xpath: //a[contains(text(),'Home Phone Lite')]])
17:10:49.622 INFO - Done: [find elements: By.xpath: //a[contains(text(),'Home Phone Lite')]]
17:10:49.625 INFO - Executing: [is displayed: 11 [[ChromeDriver: chrome on MAC (0a78b8dd3484f8c9e50ee19a0d236bb4)] -> xpath: //a[contains(text(),'Home Phone Lite')]]])
17:10:49.740 INFO - Done: [is displayed: 11 [[ChromeDriver: chrome on MAC (0a78b8dd3484f8c9e50ee19a0d236bb4)] -> xpath: //a[contains(text(),'Home Phone Lite')]]]
17:10:49.745 INFO - Executing: [find elements: By.xpath: //strong[contains(text(),'Home Phone')]])
17:10:49.813 INFO - Done: [find elements: By.xpath: //strong[contains(text(),'Home Phone')]]
17:10:49.816 INFO - Executing: [is displayed: 12 [[ChromeDriver: chrome on MAC (0a78b8dd3484f8c9e50ee19a0d236bb4)] -> xpath: //strong[contains(text(),'Home Phone')]]])
17:10:49.829 INFO - Done: [is displayed: 12 [[ChromeDriver: chrome on MAC (0a78b8dd3484f8c9e50ee19a0d236bb4)] -> xpath: //strong[contains(text(),'Home Phone')]]]
17:10:49.833 INFO - Executing: [find elements: By.xpath: //a[@class='Button__StyledButton-sa7xo3-0 sc-VigVT kGQlDS']])
17:10:49.845 INFO - Done: [find elements: By.xpath: //a[@class='Button__StyledButton-sa7xo3-0 sc-VigVT kGQlDS']]
17:10:49.848 INFO - Executing: [is displayed: 13 [[ChromeDriver: chrome on MAC (0a78b8dd3484f8c9e50ee19a0d236bb4)] -> xpath: //a[@class='Button__StyledButton-sa7xo3-0 sc-VigVT kGQlDS']]])
17:10:49.861 INFO - Done: [is displayed: 13 [[ChromeDriver: chrome on MAC (0a78b8dd3484f8c9e50ee19a0d236bb4)] -> xpath: //a[@class='Button__StyledButton-sa7xo3-0 sc-VigVT kGQlDS']]]
17:10:49.866 INFO - Executing: [find elements: By.xpath: //span[contains(text(),'Continue shopping')]])
17:10:49.899 INFO - Done: [find elements: By.xpath: //span[contains(text(),'Continue shopping')]]
17:10:49.903 INFO - Executing: [is displayed: 14 [[ChromeDriver: chrome on MAC (0a78b8dd3484f8c9e50ee19a0d236bb4)] -> xpath: //span[contains(text(),'Continue shopping')]]])
17:10:49.915 INFO - Done: [is displayed: 14 [[ChromeDriver: chrome on MAC (0a78b8dd3484f8c9e50ee19a0d236bb4)] -> xpath: //span[contains(text(),'Continue shopping')]]]
17:10:53.924 INFO - Executing: [delete session: b098b434-91c0-4467-af23-ae2d6e6fa4d2])
17:10:54.070 INFO - Done: [delete session: b098b434-91c0-4467-af23-ae2d6e6fa4d2]
